<?xml version="1.0" encoding="UTF-8"?>
<!-- Generated by org.testng.reporters.JUnitXMLReporter -->
<testsuite hostname="SGADALLAH2" ignored="0" name="TestNG" tests="4" failures="0" timestamp="24 May 2020 22:53:16 GMT" time="124.161" errors="0">
  <testcase name="Create_Account" time="29.462" classname="test_cases.UI_Test_Cases"/>
  <testcase name="sign_in" time="24.505" classname="test_cases.UI_Test_Cases"/>
  <testcase name="hover_over_subcategory_and_checkout_procedure_with_payment" time="39.01" classname="test_cases.UI_Test_Cases"/>
  <testcase name="check_order_in_history" time="28.275" classname="test_cases.UI_Test_Cases"/>
</testsuite> <!-- TestNG -->
