<?xml version="1.0" encoding="UTF-8"?>
<testng-results skipped="0" failed="0" ignored="0" total="4" passed="4">
  <reporter-output>
  </reporter-output>
  <suite name="Suite" duration-ms="124161" started-at="2020-05-24T22:51:12Z" finished-at="2020-05-24T22:53:16Z">
    <groups>
    </groups>
    <test name="TestNG" duration-ms="124161" started-at="2020-05-24T22:51:12Z" finished-at="2020-05-24T22:53:16Z">
      <class name="test_cases.UI_Test_Cases">
        <test-method status="PASS" signature="Create_Account()[pri:1, instance:test_cases.UI_Test_Cases@4cc0edeb]" name="Create_Account" duration-ms="29462" started-at="2020-05-24T22:51:12Z" finished-at="2020-05-24T22:51:41Z">
          <reporter-output>
          </reporter-output>
        </test-method> <!-- Create_Account -->
        <test-method status="PASS" signature="quit_driver()[pri:0, instance:test_cases.UI_Test_Cases@4cc0edeb]" name="quit_driver" is-config="true" duration-ms="724" started-at="2020-05-24T22:51:41Z" finished-at="2020-05-24T22:51:42Z">
          <reporter-output>
          </reporter-output>
        </test-method> <!-- quit_driver -->
        <test-method status="PASS" signature="sign_in()[pri:2, instance:test_cases.UI_Test_Cases@4cc0edeb]" name="sign_in" duration-ms="24505" started-at="2020-05-24T22:51:42Z" finished-at="2020-05-24T22:52:07Z">
          <reporter-output>
          </reporter-output>
        </test-method> <!-- sign_in -->
        <test-method status="PASS" signature="quit_driver()[pri:0, instance:test_cases.UI_Test_Cases@4cc0edeb]" name="quit_driver" is-config="true" duration-ms="735" started-at="2020-05-24T22:52:07Z" finished-at="2020-05-24T22:52:07Z">
          <reporter-output>
          </reporter-output>
        </test-method> <!-- quit_driver -->
        <test-method status="PASS" signature="hover_over_subcategory_and_checkout_procedure_with_payment()[pri:3, instance:test_cases.UI_Test_Cases@4cc0edeb]" name="hover_over_subcategory_and_checkout_procedure_with_payment" duration-ms="39010" started-at="2020-05-24T22:52:07Z" finished-at="2020-05-24T22:52:46Z">
          <reporter-output>
          </reporter-output>
        </test-method> <!-- hover_over_subcategory_and_checkout_procedure_with_payment -->
        <test-method status="PASS" signature="quit_driver()[pri:0, instance:test_cases.UI_Test_Cases@4cc0edeb]" name="quit_driver" is-config="true" duration-ms="708" started-at="2020-05-24T22:52:46Z" finished-at="2020-05-24T22:52:47Z">
          <reporter-output>
          </reporter-output>
        </test-method> <!-- quit_driver -->
        <test-method status="PASS" signature="check_order_in_history()[pri:4, instance:test_cases.UI_Test_Cases@4cc0edeb]" name="check_order_in_history" duration-ms="28275" started-at="2020-05-24T22:52:47Z" finished-at="2020-05-24T22:53:15Z">
          <reporter-output>
          </reporter-output>
        </test-method> <!-- check_order_in_history -->
        <test-method status="PASS" signature="quit_driver()[pri:0, instance:test_cases.UI_Test_Cases@4cc0edeb]" name="quit_driver" is-config="true" duration-ms="707" started-at="2020-05-24T22:53:15Z" finished-at="2020-05-24T22:53:16Z">
          <reporter-output>
          </reporter-output>
        </test-method> <!-- quit_driver -->
      </class> <!-- test_cases.UI_Test_Cases -->
    </test> <!-- TestNG -->
  </suite> <!-- Suite -->
</testng-results>
